<?xml version="1.0" encoding="UTF-8"?>
<!-- Generated by org.testng.reporters.JUnitXMLReporter -->
<testsuite hostname="AnilVSA1IN" ignored="0" name="Practise Test" tests="3" failures="0" timestamp="24 Mar 2019 10:45:30 GMT" time="98.1" errors="0">
  <testcase name="setup" time="27.94" classname="Regresssion.AnilTest"/>
  <testcase name="setup2" time="30.898" classname="Regresssion.E2E"/>
  <testcase name="setup1" time="39.194" classname="Regresssion.ClearTrip"/>
</testsuite> <!-- Practise Test -->
